<?xml version="1.0" encoding="UTF-8"?>
<!-- Generated by org.testng.reporters.JUnitReportReporter -->
<testsuite skipped="0" hostname="DESKTOP-0ADOLGM" name="sample.NewTestShopee" tests="1" failures="0" timestamp="2023-03-28T19:38:32 ICT" time="12.974" errors="0">
  <testcase name="sample" time="12.974" classname="sample.NewTestShopee"/>
  <system-out/>
</testsuite> <!-- sample.NewTestShopee -->
