<?xml version="1.0" encoding="UTF-8"?>
<!-- Generated by org.testng.reporters.JUnitReportReporter -->
<testsuite skipped="0" hostname="DESKTOP-0ADOLGM" name="sample.LoginPageTest" tests="8" failures="0" timestamp="2023-03-21T18:59:43 ICT" time="1.642" errors="0">
  <testcase name="test_titlelabel" time="0.085" classname="sample.LoginPageTest"/>
  <system-out/>
  <testcase name="test_login_fail_1" time="0.287" classname="sample.LoginPageTest"/>
  <system-out/>
  <testcase name="test_login_fail_2" time="0.191" classname="sample.LoginPageTest"/>
  <system-out/>
  <testcase name="test_login_fail_3" time="0.183" classname="sample.LoginPageTest"/>
  <system-out/>
  <testcase name="test_login_fail_4" time="0.198" classname="sample.LoginPageTest"/>
  <system-out/>
  <testcase name="test_login_fail_5" time="0.256" classname="sample.LoginPageTest"/>
  <system-out/>
  <testcase name="test_login_fail_lockaccount" time="0.203" classname="sample.LoginPageTest"/>
  <system-out/>
  <testcase name="test_login_success" time="0.239" classname="sample.LoginPageTest"/>
  <system-out/>
</testsuite> <!-- sample.LoginPageTest -->
