<?xml version="1.0" encoding="UTF-8"?>
<!-- Generated by org.testng.reporters.JUnitReportReporter -->
<testsuite skipped="0" hostname="DESKTOP-0ADOLGM" name="sample.SampleTest" tests="2" failures="0" timestamp="2023-03-07T19:44:13 ICT" time="0.640" errors="0">
  <testcase name="testMessageWelcome" time="0.569" classname="sample.SampleTest"/>
  <system-out/>
  <testcase name="testDisplayMessage" time="0.071" classname="sample.SampleTest"/>
  <system-out/>
</testsuite> <!-- sample.SampleTest -->
